  test9-19.cpp
C:\code\Cplusplus__code\test9-19\test9-19\test9-19.cpp(22,1): error C3747: 缺少默认 模板 参数: 参数 2
C:\code\Cplusplus__code\test9-19\test9-19\test9-19.cpp(46,8): error C2059: 语法错误:“,”
